Command line:
   ./mux2_2bits_tb_isim_beh.exe
     -intstyle  ise
     -ipchost  localhost
     -ipcport  1260

Sat Sep 22 23:45:27 2018

Total Line Count : 18

 Elaboration Time: 0.015625 sec

 Current Memory Usage: 141.66 Meg

 Total Signals          : 8
 Total Nets             : 7
 Total Signal Drivers   : 5
 Total Blocks           : 6
 Total Primitive Blocks : 1
 Total Processes        : 3
 Total Traceable Variables  : 15
 Total Scalar Nets and Variables : 508
ntrace select -o on -m / -l this 
ntrace start 
isimrun 1000 ns 
Simulator is doing circuit initialization process.
Finished circuit initialization process.

 Total Simulation Time: 0.078125 sec

 Current Memory Usage: 152.146 Meg

Sat Sep 22 23:48:30 2018

