Command line:
   ./bloque1_tb_isim_beh.exe
     -intstyle  ise
     -ipchost  localhost
     -ipcport  1764

Sat Sep 22 12:04:51 2018

Total Line Count : 67

 Elaboration Time: 0.015625 sec

 Current Memory Usage: 141.66 Meg

 Total Signals          : 15
 Total Nets             : 7
 Total Signal Drivers   : 7
 Total Blocks           : 7
 Total Primitive Blocks : 1
 Total Processes        : 5
 Total Traceable Variables  : 15
 Total Scalar Nets and Variables : 508
ntrace select -o on -n /bloque1_tb/enable_in 
ntrace select -o on -n /bloque1_tb/clk 
ntrace select -o on -n /bloque1_tb/reset_in 
ntrace select -o on -n /bloque1_tb/der_out 
ntrace start 
isimrun 1000 ns 
Simulator is doing circuit initialization process.
Finished circuit initialization process.

 Total Simulation Time: 0.09375 sec

 Current Memory Usage: 152.158 Meg

Sat Sep 22 12:05:14 2018

