Release 10.1 - xst K.31 (nt)
Copyright (c) 1995-2008 Xilinx, Inc.  All rights reserved.
--> Parameter TMPDIR set to D:/Users/aldemaro/Documents/proyecto_tesis/neurona1_out/xst/projnav.tmp


Total REAL time to Xst completion: 1.00 secs
Total CPU time to Xst completion: 0.23 secs
 
--> Parameter xsthdpdir set to D:/Users/aldemaro/Documents/proyecto_tesis/neurona1_out/xst


Total REAL time to Xst completion: 1.00 secs
Total CPU time to Xst completion: 0.23 secs
 
--> Reading design: salida_neurona.prj

TABLE OF CONTENTS
  1) Synthesis Options Summary
  2) HDL Compilation
  3) Design Hierarchy Analysis
  4) HDL Analysis
  5) HDL Synthesis
     5.1) HDL Synthesis Report
  6) Advanced HDL Synthesis
     6.1) Advanced HDL Synthesis Report
  7) Low Level Synthesis
  8) Partition Report
  9) Final Report
     9.1) Device utilization summary
     9.2) Partition Resource Summary
     9.3) TIMING REPORT


=========================================================================
*                      Synthesis Options Summary                        *
=========================================================================
---- Source Parameters
Input File Name                    : "salida_neurona.prj"
Input Format                       : mixed
Ignore Synthesis Constraint File   : NO

---- Target Parameters
Output File Name                   : "salida_neurona"
Output Format                      : NGC
Target Device                      : xc3s100e-5-cp132

---- Source Options
Top Module Name                    : salida_neurona
Automatic FSM Extraction           : YES
FSM Encoding Algorithm             : Auto
Safe Implementation                : No
FSM Style                          : lut
RAM Extraction                     : Yes
RAM Style                          : Auto
ROM Extraction                     : Yes
Mux Style                          : Auto
Decoder Extraction                 : YES
Priority Encoder Extraction        : YES
Shift Register Extraction          : YES
Logical Shifter Extraction         : YES
XOR Collapsing                     : YES
ROM Style                          : Auto
Mux Extraction                     : YES
Resource Sharing                   : YES
Asynchronous To Synchronous        : NO
Multiplier Style                   : auto
Automatic Register Balancing       : No

---- Target Options
Add IO Buffers                     : YES
Global Maximum Fanout              : 500
Add Generic Clock Buffer(BUFG)     : 24
Register Duplication               : YES
Slice Packing                      : YES
Optimize Instantiated Primitives   : NO
Use Clock Enable                   : Yes
Use Synchronous Set                : Yes
Use Synchronous Reset              : Yes
Pack IO Registers into IOBs        : auto
Equivalent register Removal        : YES

---- General Options
Optimization Goal                  : Speed
Optimization Effort                : 1
Library Search Order               : salida_neurona.lso
Keep Hierarchy                     : NO
Netlist Hierarchy                  : as_optimized
RTL Output                         : Yes
Global Optimization                : AllClockNets
Read Cores                         : YES
Write Timing Constraints           : NO
Cross Clock Analysis               : NO
Hierarchy Separator                : /
Bus Delimiter                      : <>
Case Specifier                     : maintain
Slice Utilization Ratio            : 100
BRAM Utilization Ratio             : 100
Verilog 2001                       : YES
Auto BRAM Packing                  : NO
Slice Utilization Ratio Delta      : 5

=========================================================================


=========================================================================
*                          HDL Compilation                              *
=========================================================================
Compiling vhdl file "D:/Users/aldemaro/Documents/proyecto_tesis/neurona1_out/flipflopD.vhd" in Library work.
Architecture behavioral of Entity flipflopd is up to date.
Compiling vhdl file "D:/Users/aldemaro/Documents/proyecto_tesis/neurona1_out/salida_neurona.vhd" in Library work.
Entity <salida_neurona> compiled.
Entity <salida_neurona> (Architecture <Behavioral>) compiled.

=========================================================================
*                     Design Hierarchy Analysis                         *
=========================================================================
Analyzing hierarchy for entity <salida_neurona> in library <work> (architecture <Behavioral>).

Analyzing hierarchy for entity <flipflopD> in library <work> (architecture <behavioral>).


=========================================================================
*                            HDL Analysis                               *
=========================================================================
Analyzing Entity <salida_neurona> in library <work> (Architecture <Behavioral>).
Entity <salida_neurona> analyzed. Unit <salida_neurona> generated.

Analyzing Entity <flipflopD> in library <work> (Architecture <behavioral>).
Entity <flipflopD> analyzed. Unit <flipflopD> generated.


=========================================================================
*                           HDL Synthesis                               *
=========================================================================

Performing bidirectional port resolution...

Synthesizing Unit <flipflopD>.
    Related source file is "D:/Users/aldemaro/Documents/proyecto_tesis/neurona1_out/flipflopD.vhd".
    Found 1-bit register for signal <temp>.
    Summary:
	inferred   1 D-type flip-flop(s).
Unit <flipflopD> synthesized.


Synthesizing Unit <salida_neurona>.
    Related source file is "D:/Users/aldemaro/Documents/proyecto_tesis/neurona1_out/salida_neurona.vhd".
    Found 16-bit tristate buffer for signal <z_out>.
    Summary:
	inferred  16 Tristate(s).
Unit <salida_neurona> synthesized.


=========================================================================
HDL Synthesis Report

Macro Statistics
# Registers                                            : 1
 1-bit register                                        : 1
# Tristates                                            : 1
 16-bit tristate buffer                                : 1

=========================================================================

=========================================================================
*                       Advanced HDL Synthesis                          *
=========================================================================

Loading device for application Rf_Device from file '3s100e.nph' in environment C:\Xilinx\10.1\ISE.

=========================================================================
Advanced HDL Synthesis Report

Macro Statistics
# Registers                                            : 1
 Flip-Flops                                            : 1

=========================================================================

=========================================================================
*                         Low Level Synthesis                           *
=========================================================================

Optimizing unit <salida_neurona> ...

Mapping all equations...
Building and optimizing final netlist ...
Found area constraint ratio of 100 (+ 5) on block salida_neurona, actual ratio is 0.

Final Macro Processing ...

=========================================================================
Final Register Report

Macro Statistics
# Registers                                            : 1
 Flip-Flops                                            : 1

=========================================================================

=========================================================================
*                           Partition Report                             *
=========================================================================

Partition Implementation Status
-------------------------------

  No Partitions were found in this design.

-------------------------------

=========================================================================
*                            Final Report                               *
=========================================================================
Final Results
RTL Top Level Output File Name     : salida_neurona.ngr
Top Level Output File Name         : salida_neurona
Output Format                      : NGC
Optimization Goal                  : Speed
Keep Hierarchy                     : NO

Design Statistics
# IOs                              : 36

Cell Usage :
# BELS                             : 2
#      INV                         : 1
#      LUT3                        : 1
# FlipFlops/Latches                : 1
#      FDC                         : 1
# Clock Buffers                    : 1
#      BUFGP                       : 1
# IO Buffers                       : 35
#      IBUF                        : 19
#      OBUFT                       : 16
=========================================================================

Device utilization summary:
---------------------------

Selected Device : 3s100ecp132-5 

 Number of Slices:                        1  out of    960     0%  
 Number of Slice Flip Flops:              1  out of   1920     0%  
 Number of 4 input LUTs:                  2  out of   1920     0%  
 Number of IOs:                          36
 Number of bonded IOBs:                  36  out of     83    43%  
 Number of GCLKs:                         1  out of     24     4%  

---------------------------
Partition Resource Summary:
---------------------------

  No Partitions were found in this design.

---------------------------


=========================================================================
TIMING REPORT

NOTE: THESE TIMING NUMBERS ARE ONLY A SYNTHESIS ESTIMATE.
      FOR ACCURATE TIMING INFORMATION PLEASE REFER TO THE TRACE REPORT
      GENERATED AFTER PLACE-and-ROUTE.

Clock Information:
------------------
-----------------------------------+------------------------+-------+
Clock Signal                       | Clock buffer(FF name)  | Load  |
-----------------------------------+------------------------+-------+
clk                                | BUFGP                  | 1     |
-----------------------------------+------------------------+-------+

Asynchronous Control Signals Information:
----------------------------------------
-----------------------------------+------------------------+-------+
Control Signal                     | Buffer(FF name)        | Load  |
-----------------------------------+------------------------+-------+
reset_in                           | IBUF                   | 1     |
-----------------------------------+------------------------+-------+

Timing Summary:
---------------
Speed Grade: -5

   Minimum period: 1.804ns (Maximum Frequency: 554.339MHz)
   Minimum input arrival time before clock: 2.495ns
   Maximum output required time after clock: 5.554ns
   Maximum combinational path delay: 4.632ns

Timing Detail:
--------------
All values displayed in nanoseconds (ns)

=========================================================================
Timing constraint: Default period analysis for Clock 'clk'
  Clock period: 1.804ns (frequency: 554.339MHz)
  Total number of paths / destination ports: 1 / 1
-------------------------------------------------------------------------
Delay:               1.804ns (Levels of Logic = 1)
  Source:            ff/temp (FF)
  Destination:       ff/temp (FF)
  Source Clock:      clk rising
  Destination Clock: clk rising

  Data Path: ff/temp to ff/temp
                                Gate     Net
    Cell:in->out      fanout   Delay   Delay  Logical Name (Net Name)
    ----------------------------------------  ------------
     FDC:C->Q              2   0.514   0.410  ff/temp (ff/temp)
     LUT3:I2->O            1   0.612   0.000  or_sg1 (or_sg)
     FDC:D                     0.268          ff/temp
    ----------------------------------------
    Total                      1.804ns (1.394ns logic, 0.410ns route)
                                       (77.3% logic, 22.7% route)

=========================================================================
Timing constraint: Default OFFSET IN BEFORE for Clock 'clk'
  Total number of paths / destination ports: 2 / 1
-------------------------------------------------------------------------
Offset:              2.495ns (Levels of Logic = 2)
  Source:            rec_in (PAD)
  Destination:       ff/temp (FF)
  Destination Clock: clk rising

  Data Path: rec_in to ff/temp
                                Gate     Net
    Cell:in->out      fanout   Delay   Delay  Logical Name (Net Name)
    ----------------------------------------  ------------
     IBUF:I->O             1   1.106   0.509  rec_in_IBUF (rec_in_IBUF)
     LUT3:I0->O            1   0.612   0.000  or_sg1 (or_sg)
     FDC:D                     0.268          ff/temp
    ----------------------------------------
    Total                      2.495ns (1.986ns logic, 0.509ns route)
                                       (79.6% logic, 20.4% route)

=========================================================================
Timing constraint: Default OFFSET OUT AFTER for Clock 'clk'
  Total number of paths / destination ports: 16 / 16
-------------------------------------------------------------------------
Offset:              5.554ns (Levels of Logic = 2)
  Source:            ff/temp (FF)
  Destination:       z_out<15> (PAD)
  Source Clock:      clk rising

  Data Path: ff/temp to z_out<15>
                                Gate     Net
    Cell:in->out      fanout   Delay   Delay  Logical Name (Net Name)
    ----------------------------------------  ------------
     FDC:C->Q              2   0.514   0.380  ff/temp (ff/temp)
     INV:I->O             16   0.612   0.879  ff_sg_inv1_INV_0 (ff_sg_inv)
     OBUFT:T->O                3.169          z_out_15_OBUFT (z_out<15>)
    ----------------------------------------
    Total                      5.554ns (4.295ns logic, 1.259ns route)
                                       (77.3% logic, 22.7% route)

=========================================================================
Timing constraint: Default path analysis
  Total number of paths / destination ports: 16 / 16
-------------------------------------------------------------------------
Delay:               4.632ns (Levels of Logic = 2)
  Source:            x_in<15> (PAD)
  Destination:       z_out<15> (PAD)

  Data Path: x_in<15> to z_out<15>
                                Gate     Net
    Cell:in->out      fanout   Delay   Delay  Logical Name (Net Name)
    ----------------------------------------  ------------
     IBUF:I->O             1   1.106   0.357  x_in_15_IBUF (x_in_15_IBUF)
     OBUFT:I->O                3.169          z_out_15_OBUFT (z_out<15>)
    ----------------------------------------
    Total                      4.632ns (4.275ns logic, 0.357ns route)
                                       (92.3% logic, 7.7% route)

=========================================================================


Total REAL time to Xst completion: 7.00 secs
Total CPU time to Xst completion: 6.26 secs
 
--> 

Total memory usage is 156008 kilobytes

Number of errors   :    0 (   0 filtered)
Number of warnings :    0 (   0 filtered)
Number of infos    :    0 (   0 filtered)

