Command line:
   ./columna_4neuronas_tb_isim_beh.exe
     -intstyle  ise
     -ipchost  localhost
     -ipcport  1393

Sun Sep 23 01:27:09 2018

Total Line Count : 120

 Elaboration Time: 0.015625 sec

 Current Memory Usage: 141.664 Meg

 Total Signals          : 353
 Total Nets             : 321
 Total Signal Drivers   : 110
 Total Blocks           : 50
 Total Primitive Blocks : 28
 Total Processes        : 105
 Total Traceable Variables  : 15
 Total Scalar Nets and Variables : 822
ntrace select -o on -n /columna_4neuronas_tb/x_in 
ntrace select -o on -n /columna_4neuronas_tb/proto_in 
ntrace select -o on -n /columna_4neuronas_tb/clack_in 
ntrace select -o on -n /columna_4neuronas_tb/izq_in 
ntrace select -o on -n /columna_4neuronas_tb/clk 
ntrace select -o on -n /columna_4neuronas_tb/reset_in 
ntrace select -o on -n /columna_4neuronas_tb/der_out 
ntrace select -o on -n /columna_4neuronas_tb/proto_out 
ntrace select -o on -n /columna_4neuronas_tb/clack_out 
ntrace select -o on -n /columna_4neuronas_tb/uut/n0/latch/z_out 
ntrace select -o on -n /columna_4neuronas_tb/uut/n1/x_in 
ntrace select -o on -n /columna_4neuronas_tb/uut/n1/latch/enable_in 
ntrace select -o on -n /columna_4neuronas_tb/uut/n1/proto_in 
ntrace select -o on -n /columna_4neuronas_tb/uut/n1/latch/z_out 
ntrace select -o on -n /columna_4neuronas_tb/z_out 
ntrace start 
isimrun 1000 ns 
Simulator is doing circuit initialization process.
Finished circuit initialization process.

 Total Simulation Time: 0.09375 sec

 Current Memory Usage: 151.114 Meg

Sun Sep 23 01:29:24 2018

