Command line:
   ./bloque2_tb_isim_beh.exe
     -intstyle  ise
     -ipchost  localhost
     -ipcport  1767

Sat Sep 22 12:05:37 2018

Total Line Count : 22

 Elaboration Time: 0.015625 sec

 Current Memory Usage: 141.66 Meg

 Total Signals          : 11
 Total Nets             : 8
 Total Signal Drivers   : 7
 Total Blocks           : 6
 Total Primitive Blocks : 1
 Total Processes        : 5
 Total Traceable Variables  : 15
 Total Scalar Nets and Variables : 509
ntrace select -o on -n /bloque2_tb/der_in 
ntrace select -o on -n /bloque2_tb/izq_in 
ntrace select -o on -n /bloque2_tb/proto_in 
ntrace select -o on -n /bloque2_tb/enable_out 
ntrace start 
isimrun 1000 ns 
Simulator is doing circuit initialization process.
Finished circuit initialization process.

 Total Simulation Time: 0.09375 sec

 Current Memory Usage: 152.158 Meg

Sat Sep 22 12:05:50 2018

