Release 10.1 - xst K.31 (nt)
Copyright (c) 1995-2008 Xilinx, Inc.  All rights reserved.
--> Parameter TMPDIR set to D:/Users/aldemaro/Documents/proyecto_tesis/neuronas/xst/projnav.tmp


Total REAL time to Xst completion: 0.00 secs
Total CPU time to Xst completion: 0.23 secs
 
--> Parameter xsthdpdir set to D:/Users/aldemaro/Documents/proyecto_tesis/neuronas/xst


Total REAL time to Xst completion: 0.00 secs
Total CPU time to Xst completion: 0.23 secs
 
--> Reading design: half_neuronas2.prj

TABLE OF CONTENTS
  1) Synthesis Options Summary
  2) HDL Compilation
  3) Design Hierarchy Analysis
  4) HDL Analysis
  5) HDL Synthesis
     5.1) HDL Synthesis Report
  6) Advanced HDL Synthesis
     6.1) Advanced HDL Synthesis Report
  7) Low Level Synthesis
  8) Partition Report
  9) Final Report
     9.1) Device utilization summary
     9.2) Partition Resource Summary
     9.3) TIMING REPORT


=========================================================================
*                      Synthesis Options Summary                        *
=========================================================================
---- Source Parameters
Input File Name                    : "half_neuronas2.prj"
Input Format                       : mixed
Ignore Synthesis Constraint File   : NO

---- Target Parameters
Output File Name                   : "half_neuronas2"
Output Format                      : NGC
Target Device                      : xc3s100e-5-cp132

---- Source Options
Top Module Name                    : half_neuronas2
Automatic FSM Extraction           : YES
FSM Encoding Algorithm             : Auto
Safe Implementation                : No
FSM Style                          : lut
RAM Extraction                     : Yes
RAM Style                          : Auto
ROM Extraction                     : Yes
Mux Style                          : Auto
Decoder Extraction                 : YES
Priority Encoder Extraction        : YES
Shift Register Extraction          : YES
Logical Shifter Extraction         : YES
XOR Collapsing                     : YES
ROM Style                          : Auto
Mux Extraction                     : YES
Resource Sharing                   : YES
Asynchronous To Synchronous        : NO
Multiplier Style                   : auto
Automatic Register Balancing       : No

---- Target Options
Add IO Buffers                     : YES
Global Maximum Fanout              : 500
Add Generic Clock Buffer(BUFG)     : 24
Register Duplication               : YES
Slice Packing                      : YES
Optimize Instantiated Primitives   : NO
Use Clock Enable                   : Yes
Use Synchronous Set                : Yes
Use Synchronous Reset              : Yes
Pack IO Registers into IOBs        : auto
Equivalent register Removal        : YES

---- General Options
Optimization Goal                  : Speed
Optimization Effort                : 1
Library Search Order               : half_neuronas2.lso
Keep Hierarchy                     : NO
Netlist Hierarchy                  : as_optimized
RTL Output                         : Yes
Global Optimization                : AllClockNets
Read Cores                         : YES
Write Timing Constraints           : NO
Cross Clock Analysis               : NO
Hierarchy Separator                : /
Bus Delimiter                      : <>
Case Specifier                     : maintain
Slice Utilization Ratio            : 100
BRAM Utilization Ratio             : 100
Verilog 2001                       : YES
Auto BRAM Packing                  : NO
Slice Utilization Ratio Delta      : 5

=========================================================================


=========================================================================
*                          HDL Compilation                              *
=========================================================================
Compiling vhdl file "D:/Users/aldemaro/Documents/proyecto_tesis/neuronas/flipflopD_CE.vhd" in Library work.
Architecture behavioral of Entity flipflopd_ce is up to date.
Compiling vhdl file "D:/Users/aldemaro/Documents/proyecto_tesis/neuronas/flipflopD_A.vhd" in Library work.
Architecture behavioral of Entity flipflopd_a is up to date.
Compiling vhdl file "D:/Users/aldemaro/Documents/proyecto_tesis/neuronas/bloque1.vhd" in Library work.
Architecture structural of Entity bloque1 is up to date.
Compiling vhdl file "D:/Users/aldemaro/Documents/proyecto_tesis/neuronas/bloque2_2.vhd" in Library work.
Entity <bloque2_2> compiled.
Entity <bloque2_2> (Architecture <dataflow>) compiled.
Compiling vhdl file "D:/Users/aldemaro/Documents/proyecto_tesis/neuronas/sticky.vhd" in Library work.
Architecture behavioral of Entity sticky is up to date.
Compiling vhdl file "D:/Users/aldemaro/Documents/proyecto_tesis/neuronas/half_neuronas2.vhd" in Library work.
Entity <half_neuronas2> compiled.
Entity <half_neuronas2> (Architecture <behavioral>) compiled.

=========================================================================
*                     Design Hierarchy Analysis                         *
=========================================================================
Analyzing hierarchy for entity <half_neuronas2> in library <work> (architecture <behavioral>).

Analyzing hierarchy for entity <bloque1> in library <work> (architecture <structural>).

Analyzing hierarchy for entity <bloque2_2> in library <work> (architecture <dataflow>).

Analyzing hierarchy for entity <sticky> in library <work> (architecture <behavioral>).

Analyzing hierarchy for entity <flipflopD_A> in library <work> (architecture <behavioral>).

Analyzing hierarchy for entity <flipflopD_CE> in library <work> (architecture <behavioral>).


=========================================================================
*                            HDL Analysis                               *
=========================================================================
Analyzing Entity <half_neuronas2> in library <work> (Architecture <behavioral>).
Entity <half_neuronas2> analyzed. Unit <half_neuronas2> generated.

Analyzing Entity <bloque1> in library <work> (Architecture <structural>).
Entity <bloque1> analyzed. Unit <bloque1> generated.

Analyzing Entity <flipflopD_A> in library <work> (Architecture <behavioral>).
Entity <flipflopD_A> analyzed. Unit <flipflopD_A> generated.

Analyzing Entity <bloque2_2> in library <work> (Architecture <dataflow>).
Entity <bloque2_2> analyzed. Unit <bloque2_2> generated.

Analyzing Entity <sticky> in library <work> (Architecture <behavioral>).
Entity <sticky> analyzed. Unit <sticky> generated.

Analyzing Entity <flipflopD_CE> in library <work> (Architecture <behavioral>).
Entity <flipflopD_CE> analyzed. Unit <flipflopD_CE> generated.


=========================================================================
*                           HDL Synthesis                               *
=========================================================================

Performing bidirectional port resolution...

Synthesizing Unit <bloque2_2>.
    Related source file is "D:/Users/aldemaro/Documents/proyecto_tesis/neuronas/bloque2_2.vhd".
Unit <bloque2_2> synthesized.


Synthesizing Unit <flipflopD_A>.
    Related source file is "D:/Users/aldemaro/Documents/proyecto_tesis/neuronas/flipflopD_A.vhd".
    Found 1-bit register for signal <temp>.
    Summary:
	inferred   1 D-type flip-flop(s).
Unit <flipflopD_A> synthesized.


Synthesizing Unit <flipflopD_CE>.
    Related source file is "D:/Users/aldemaro/Documents/proyecto_tesis/neuronas/flipflopD_CE.vhd".
    Found 1-bit register for signal <temp>.
    Summary:
	inferred   1 D-type flip-flop(s).
Unit <flipflopD_CE> synthesized.


Synthesizing Unit <bloque1>.
    Related source file is "D:/Users/aldemaro/Documents/proyecto_tesis/neuronas/bloque1.vhd".
Unit <bloque1> synthesized.


Synthesizing Unit <sticky>.
    Related source file is "D:/Users/aldemaro/Documents/proyecto_tesis/neuronas/sticky.vhd".
Unit <sticky> synthesized.


Synthesizing Unit <half_neuronas2>.
    Related source file is "D:/Users/aldemaro/Documents/proyecto_tesis/neuronas/half_neuronas2.vhd".
Unit <half_neuronas2> synthesized.


=========================================================================
HDL Synthesis Report

Macro Statistics
# Registers                                            : 2
 1-bit register                                        : 2

=========================================================================

=========================================================================
*                       Advanced HDL Synthesis                          *
=========================================================================

Loading device for application Rf_Device from file '3s100e.nph' in environment C:\Xilinx\10.1\ISE.

=========================================================================
Advanced HDL Synthesis Report

Macro Statistics
# Registers                                            : 2
 Flip-Flops                                            : 2

=========================================================================

=========================================================================
*                         Low Level Synthesis                           *
=========================================================================

Optimizing unit <half_neuronas2> ...

Mapping all equations...
Building and optimizing final netlist ...
Found area constraint ratio of 100 (+ 5) on block half_neuronas2, actual ratio is 0.

Final Macro Processing ...

=========================================================================
Final Register Report

Macro Statistics
# Registers                                            : 2
 Flip-Flops                                            : 2

=========================================================================

=========================================================================
*                           Partition Report                             *
=========================================================================

Partition Implementation Status
-------------------------------

  No Partitions were found in this design.

-------------------------------

=========================================================================
*                            Final Report                               *
=========================================================================
Final Results
RTL Top Level Output File Name     : half_neuronas2.ngr
Top Level Output File Name         : half_neuronas2
Output Format                      : NGC
Optimization Goal                  : Speed
Keep Hierarchy                     : NO

Design Statistics
# IOs                              : 8

Cell Usage :
# BELS                             : 4
#      INV                         : 1
#      LUT2                        : 1
#      LUT3                        : 1
#      LUT4                        : 1
# FlipFlops/Latches                : 2
#      FDCE                        : 1
#      FDRS                        : 1
# Clock Buffers                    : 1
#      BUFGP                       : 1
# IO Buffers                       : 7
#      IBUF                        : 4
#      OBUF                        : 3
=========================================================================

Device utilization summary:
---------------------------

Selected Device : 3s100ecp132-5 

 Number of Slices:                        2  out of    960     0%  
 Number of Slice Flip Flops:              2  out of   1920     0%  
 Number of 4 input LUTs:                  4  out of   1920     0%  
 Number of IOs:                           8
 Number of bonded IOBs:                   8  out of     83     9%  
 Number of GCLKs:                         1  out of     24     4%  

---------------------------
Partition Resource Summary:
---------------------------

  No Partitions were found in this design.

---------------------------


=========================================================================
TIMING REPORT

NOTE: THESE TIMING NUMBERS ARE ONLY A SYNTHESIS ESTIMATE.
      FOR ACCURATE TIMING INFORMATION PLEASE REFER TO THE TRACE REPORT
      GENERATED AFTER PLACE-and-ROUTE.

Clock Information:
------------------
-----------------------------------+------------------------+-------+
Clock Signal                       | Clock buffer(FF name)  | Load  |
-----------------------------------+------------------------+-------+
clk                                | BUFGP                  | 2     |
-----------------------------------+------------------------+-------+

Asynchronous Control Signals Information:
----------------------------------------
-----------------------------------+------------------------+-------+
Control Signal                     | Buffer(FF name)        | Load  |
-----------------------------------+------------------------+-------+
reset_in                           | IBUF                   | 1     |
-----------------------------------+------------------------+-------+

Timing Summary:
---------------
Speed Grade: -5

   Minimum period: 2.465ns (Maximum Frequency: 405.688MHz)
   Minimum input arrival time before clock: 2.637ns
   Maximum output required time after clock: 5.220ns
   Maximum combinational path delay: 5.895ns

Timing Detail:
--------------
All values displayed in nanoseconds (ns)

=========================================================================
Timing constraint: Default period analysis for Clock 'clk'
  Clock period: 2.465ns (frequency: 405.688MHz)
  Total number of paths / destination ports: 2 / 2
-------------------------------------------------------------------------
Delay:               2.465ns (Levels of Logic = 1)
  Source:            b1/ff/temp (FF)
  Destination:       pegajoso/ffce/temp (FF)
  Source Clock:      clk rising
  Destination Clock: clk rising

  Data Path: b1/ff/temp to pegajoso/ffce/temp
                                Gate     Net
    Cell:in->out      fanout   Delay   Delay  Logical Name (Net Name)
    ----------------------------------------  ------------
     FDRS:C->Q             4   0.514   0.499  b1/ff/temp (b1/ff/temp)
     INV:I->O              1   0.612   0.357  pegajoso/enable_sg1_INV_0 (pegajoso/enable_sg)
     FDCE:CE                   0.483          pegajoso/ffce/temp
    ----------------------------------------
    Total                      2.465ns (1.609ns logic, 0.856ns route)
                                       (65.3% logic, 34.7% route)

=========================================================================
Timing constraint: Default OFFSET IN BEFORE for Clock 'clk'
  Total number of paths / destination ports: 6 / 3
-------------------------------------------------------------------------
Offset:              2.637ns (Levels of Logic = 2)
  Source:            reset_in (PAD)
  Destination:       b1/ff/temp (FF)
  Destination Clock: clk rising

  Data Path: reset_in to b1/ff/temp
                                Gate     Net
    Cell:in->out      fanout   Delay   Delay  Logical Name (Net Name)
    ----------------------------------------  ------------
     IBUF:I->O             4   1.106   0.651  reset_in_IBUF (reset_in_IBUF)
     LUT3:I0->O            1   0.612   0.000  b1/or_sg11 (b1/or_sg1)
     FDRS:D                    0.268          b1/ff/temp
    ----------------------------------------
    Total                      2.637ns (1.986ns logic, 0.651ns route)
                                       (75.3% logic, 24.7% route)

=========================================================================
Timing constraint: Default OFFSET OUT AFTER for Clock 'clk'
  Total number of paths / destination ports: 3 / 3
-------------------------------------------------------------------------
Offset:              5.220ns (Levels of Logic = 2)
  Source:            b1/ff/temp (FF)
  Destination:       enable_out (PAD)
  Source Clock:      clk rising

  Data Path: b1/ff/temp to enable_out
                                Gate     Net
    Cell:in->out      fanout   Delay   Delay  Logical Name (Net Name)
    ----------------------------------------  ------------
     FDRS:C->Q             4   0.514   0.568  b1/ff/temp (b1/ff/temp)
     LUT4:I1->O            1   0.612   0.357  enable_out1 (enable_out_OBUF)
     OBUF:I->O                 3.169          enable_out_OBUF (enable_out)
    ----------------------------------------
    Total                      5.220ns (4.295ns logic, 0.925ns route)
                                       (82.3% logic, 17.7% route)

=========================================================================
Timing constraint: Default path analysis
  Total number of paths / destination ports: 3 / 1
-------------------------------------------------------------------------
Delay:               5.895ns (Levels of Logic = 3)
  Source:            reset_in (PAD)
  Destination:       enable_out (PAD)

  Data Path: reset_in to enable_out
                                Gate     Net
    Cell:in->out      fanout   Delay   Delay  Logical Name (Net Name)
    ----------------------------------------  ------------
     IBUF:I->O             4   1.106   0.651  reset_in_IBUF (reset_in_IBUF)
     LUT4:I0->O            1   0.612   0.357  enable_out1 (enable_out_OBUF)
     OBUF:I->O                 3.169          enable_out_OBUF (enable_out)
    ----------------------------------------
    Total                      5.895ns (4.887ns logic, 1.008ns route)
                                       (82.9% logic, 17.1% route)

=========================================================================


Total REAL time to Xst completion: 6.00 secs
Total CPU time to Xst completion: 6.52 secs
 
--> 

Total memory usage is 156008 kilobytes

Number of errors   :    0 (   0 filtered)
Number of warnings :    0 (   0 filtered)
Number of infos    :    0 (   0 filtered)

